<?xml version="1.0" encoding="UTF-8"?>
<testng-results ignored="0" total="1" passed="1" failed="0" skipped="0">
  <reporter-output>
  </reporter-output>
  <suite started-at="2021-12-28T17:42:43 EST" name="Default suite" finished-at="2021-12-28T17:43:04 EST" duration-ms="20814">
    <groups>
      <group name="cucumber">
        <method signature="AbstractTestNGCucumberTests.runScenario(io.cucumber.testng.PickleWrapper,io.cucumber.testng.FeatureWrapper)[pri:0, instance:runner.Smoke_Test_Runner@47d90b9e]" name="runScenario" class="io.cucumber.testng.AbstractTestNGCucumberTests"/>
      </group> <!-- cucumber -->
    </groups>
    <test started-at="2021-12-28T17:42:43 EST" name="Default test" finished-at="2021-12-28T17:43:04 EST" duration-ms="20814">
      <class name="runner.Smoke_Test_Runner">
        <test-method is-config="true" signature="setUpClass(org.testng.ITestContext)[pri:0, instance:runner.Smoke_Test_Runner@47d90b9e]" started-at="2021-12-28T17:42:43 EST" name="setUpClass" finished-at="2021-12-28T17:42:44 EST" duration-ms="316" status="PASS">
          <params>
            <param index="0">
              <value>
                <![CDATA[org.testng.TestRunner@27d57a2c]]>
              </value>
            </param>
          </params>
          <reporter-output>
          </reporter-output>
        </test-method> <!-- setUpClass -->
        <test-method signature="runScenario(io.cucumber.testng.PickleWrapper,io.cucumber.testng.FeatureWrapper)[pri:0, instance:runner.Smoke_Test_Runner@47d90b9e]" started-at="2021-12-28T17:42:44 EST" name="runScenario" description="Runs Cucumber Scenarios" data-provider="scenarios" finished-at="2021-12-28T17:43:04 EST" duration-ms="20440" status="PASS">
          <params>
            <param index="0">
              <value>
                <![CDATA["searching product on walmart"]]>
              </value>
            </param>
            <param index="1">
              <value>
                <![CDATA["Optional[searching product]"]]>
              </value>
            </param>
          </params>
          <reporter-output>
          </reporter-output>
        </test-method> <!-- runScenario -->
        <test-method is-config="true" signature="tearDownClass()[pri:0, instance:runner.Smoke_Test_Runner@47d90b9e]" started-at="2021-12-28T17:43:04 EST" name="tearDownClass" finished-at="2021-12-28T17:43:04 EST" duration-ms="13" status="PASS">
          <reporter-output>
          </reporter-output>
        </test-method> <!-- tearDownClass -->
      </class> <!-- runner.Smoke_Test_Runner -->
    </test> <!-- Default test -->
  </suite> <!-- Default suite -->
</testng-results>
